<?xml version="1.0" encoding="UTF-8"?>
<!-- Generated by org.testng.reporters.JUnitReportReporter -->
<testsuite skipped="0" hostname="LAPTOP-135C9NSF" name="com.crm.qa.testcases.HomePageTest" tests="3" failures="0" timestamp="2020-12-25T22:27:08 IST" time="80.723" errors="0">
  <testcase name="verifyHomePageTitleTest" time="22.459" classname="com.crm.qa.testcases.HomePageTest"/>
  <system-out/>
  <testcase name="verifyUserNameLabelTest" time="23.088" classname="com.crm.qa.testcases.HomePageTest"/>
  <system-out/>
  <testcase name="verifyContactsLinkTest" time="35.176" classname="com.crm.qa.testcases.HomePageTest"/>
  <system-out/>
</testsuite> <!-- com.crm.qa.testcases.HomePageTest -->
