<?xml version="1.0" encoding="UTF-8"?>
<!-- Generated by org.testng.reporters.JUnitReportReporter -->
<testsuite hostname="LAPTOP-135C9NSF" failures="0" tests="1" name="com.crm.qa.testcases.LoginPageTest" time="14.724" errors="0" timestamp="2020-12-07T21:24:29 IST" skipped="0">
  <testcase classname="com.crm.qa.testcases.LoginPageTest" name="loginPageTitleTest" time="14.724"/>
  <system-out/>
</testsuite> <!-- com.crm.qa.testcases.LoginPageTest -->
