<?xml version="1.0" encoding="UTF-8"?>
<!-- Generated by org.testng.reporters.JUnitReportReporter -->
<testsuite hostname="LAPTOP-135C9NSF" failures="0" tests="3" name="com.crm.qa.testcases.HomePageTest" time="72.707" errors="0" timestamp="2020-12-29T11:22:34 IST" skipped="0">
  <testcase classname="com.crm.qa.testcases.HomePageTest" name="verifyHomePageTitleTest" time="19.550"/>
  <system-out/>
  <testcase classname="com.crm.qa.testcases.HomePageTest" name="verifyUserNameLabelTest" time="24.326"/>
  <system-out/>
  <testcase classname="com.crm.qa.testcases.HomePageTest" name="verifyContactsLinkTest" time="28.831"/>
  <system-out/>
</testsuite> <!-- com.crm.qa.testcases.HomePageTest -->
