<?xml version="1.0" encoding="UTF-8"?>
<!-- Generated by org.testng.reporters.JUnitReportReporter -->
<testsuite hostname="LAPTOP-135C9NSF" failures="0" tests="3" name="com.crm.qa.testcases.LoginPageTest" time="51.600" errors="0" timestamp="2020-12-29T11:22:34 IST" skipped="0">
  <testcase classname="com.crm.qa.testcases.LoginPageTest" name="crmLogoImageTest" time="13.349"/>
  <system-out/>
  <testcase classname="com.crm.qa.testcases.LoginPageTest" name="loginPageTitleTest" time="14.409"/>
  <system-out/>
  <testcase classname="com.crm.qa.testcases.LoginPageTest" name="loginTest" time="23.842"/>
  <system-out/>
</testsuite> <!-- com.crm.qa.testcases.LoginPageTest -->
