<?xml version="1.0" encoding="UTF-8"?>
<!-- Generated by org.testng.reporters.JUnitReportReporter -->
<testsuite hostname="LAPTOP-135C9NSF" failures="0" tests="3" name="com.crm.qa.testcases.HomePageTest" time="91.381" errors="0" timestamp="2020-12-24T16:44:32 IST" skipped="0">
  <testcase classname="com.crm.qa.testcases.HomePageTest" name="verifyHomePageTitleTest" time="23.863"/>
  <system-out/>
  <testcase classname="com.crm.qa.testcases.HomePageTest" name="verifyUserNameLabelTest" time="23.260"/>
  <system-out/>
  <testcase classname="com.crm.qa.testcases.HomePageTest" name="verifyContactsLinkTest" time="44.258"/>
  <system-out/>
</testsuite> <!-- com.crm.qa.testcases.HomePageTest -->
