<?xml version="1.0" encoding="UTF-8"?>
<!-- Generated by org.testng.reporters.JUnitReportReporter -->
<testsuite hostname="LAPTOP-135C9NSF" failures="0" tests="3" name="com.crm.qa.testcases.HomePageTest" time="69.929" errors="0" timestamp="2020-12-27T21:19:48 IST" skipped="0">
  <testcase classname="com.crm.qa.testcases.HomePageTest" name="verifyHomePageTitleTest" time="23.141"/>
  <system-out/>
  <testcase classname="com.crm.qa.testcases.HomePageTest" name="verifyUserNameLabelTest" time="22.476"/>
  <system-out/>
  <testcase classname="com.crm.qa.testcases.HomePageTest" name="verifyContactsLinkTest" time="24.312"/>
  <system-out/>
</testsuite> <!-- com.crm.qa.testcases.HomePageTest -->
